<?xml version="1.0" encoding="UTF-8"?>
<testsuite name="chap02.PasswordStrengthMeterTest" tests="3" skipped="0" failures="0" errors="0" timestamp="2022-11-21T12:37:57" hostname="kimseong-gyuui-MacBookAir.local" time="0.011">
  <properties/>
  <testcase name="meetsAllCriteria_Then_Strong()" classname="chap02.PasswordStrengthMeterTest" time="0.01"/>
  <testcase name="meetsOtherCriteria_except_for_number_Then_Normal()" classname="chap02.PasswordStrengthMeterTest" time="0.001"/>
  <testcase name="meetsOtherCriteria_except_for_Length_Then_Normal()" classname="chap02.PasswordStrengthMeterTest" time="0.0"/>
  <system-out><![CDATA[]]></system-out>
  <system-err><![CDATA[]]></system-err>
</testsuite>
